2020-02-24 16:52:14,936 [Worker-6: Loading available Gradle versions] INFO  o.e.b.c.i.u.g.PublishedGradleVersions - Gradle version information cache is out-of-date. Trying to update.
2020-02-24 17:14:46,364 [Worker-19: maven-archetype-quickstart を作成中] INFO  o.e.m.c.i.p.ProjectConfigurationManager - Collecting project info '/pom.xml' C:\preades\java\skillup\pom.xml
2020-02-24 17:14:51,903 [Worker-19: maven-archetype-quickstart を作成中] INFO  o.e.m.c.i.l.LifecycleMappingFactory - Using org.eclipse.m2e.jdt.JarLifecycleMapping lifecycle mapping for MavenProject: java:skillup:0.0.1-SNAPSHOT @ C:\preades\java\skillup\pom.xml.
2020-02-24 17:14:54,091 [Worker-19: maven-archetype-quickstart を作成中] INFO  o.e.m.j.i.AbstractJavaProjectConfigurator - Adding source folder /skillup/src/main/java
2020-02-24 17:14:54,107 [Worker-19: maven-archetype-quickstart を作成中] INFO  o.e.m.j.i.AbstractJavaProjectConfigurator - Adding source folder /skillup/src/test/java
2020-02-24 17:14:55,069 [Worker-19: maven-archetype-quickstart を作成中] INFO  o.e.m.c.i.p.ProjectConfigurationManager - Imported and configured 1 project(s) in 8 sec
2020-02-24 17:14:55,288 [Worker-20: Maven プロジェクトの更新中] INFO  o.e.m.c.i.p.ProjectConfigurationManager - Update started
2020-02-24 17:14:56,002 [Worker-20: Maven プロジェクトの更新中] INFO  o.e.m.c.i.l.LifecycleMappingFactory - Using org.eclipse.m2e.jdt.JarLifecycleMapping lifecycle mapping for MavenProject: java:skillup:0.0.1-SNAPSHOT @ C:\preades\java\skillup\pom.xml.
2020-02-24 17:14:56,392 [Worker-20: Maven プロジェクトの更新中] INFO  o.e.m.j.i.AbstractJavaProjectConfigurator - Adding source folder /skillup/src/main/java
2020-02-24 17:14:56,392 [Worker-20: Maven プロジェクトの更新中] INFO  o.e.m.j.i.AbstractJavaProjectConfigurator - Adding source folder /skillup/src/test/java
2020-02-24 17:14:57,004 [Worker-20: Maven プロジェクトの更新中] INFO  o.e.m.c.i.p.ProjectConfigurationManager - Update completed: 1 sec
2020-02-24 17:15:01,455 [Worker-17: ワークスペースをビルド中] INFO  o.e.m.c.i.embedder.EclipseLogger - Using 'UTF-8' encoding to copy filtered resources.
2020-02-24 17:15:01,455 [Worker-17: ワークスペースをビルド中] INFO  o.e.m.c.i.embedder.EclipseLogger - skip non existing resourceDirectory C:\preades\java\skillup\src\main\resources
2020-02-24 17:15:01,455 [Worker-17: ワークスペースをビルド中] INFO  o.e.m.c.i.embedder.EclipseLogger - Using 'UTF-8' encoding to copy filtered resources.
2020-02-24 17:15:01,455 [Worker-17: ワークスペースをビルド中] INFO  o.e.m.c.i.embedder.EclipseLogger - skip non existing resourceDirectory C:\preades\java\skillup\src\test\resources
2020-02-24 17:16:10,428 [Worker-19: ワークスペースをビルド中] INFO  o.e.m.c.i.l.LifecycleMappingFactory - Using org.eclipse.m2e.jdt.JarLifecycleMapping lifecycle mapping for MavenProject: com.example:test:0.0.1-SNAPSHOT @ C:\preades\wk\demo\pom.xml.
2020-02-24 17:16:16,468 [Worker-19: ワークスペースをビルド中] INFO  o.e.m.c.i.embedder.EclipseLogger - Using 'UTF-8' encoding to copy filtered resources.
2020-02-24 17:16:16,468 [Worker-19: ワークスペースをビルド中] INFO  o.e.m.c.i.embedder.EclipseLogger - Copying 1 resource
2020-02-24 17:16:16,483 [Worker-19: ワークスペースをビルド中] INFO  o.e.m.c.i.embedder.EclipseLogger - Copying 0 resource
2020-02-24 17:16:16,499 [Worker-19: ワークスペースをビルド中] INFO  o.e.m.c.i.embedder.EclipseLogger - Using 'UTF-8' encoding to copy filtered resources.
2020-02-24 17:16:16,499 [Worker-19: ワークスペースをビルド中] INFO  o.e.m.c.i.embedder.EclipseLogger - skip non existing resourceDirectory C:\preades\wk\demo\src\test\resources
2020-02-24 17:16:19,386 [Worker-19: ワークスペースをビルド中] INFO  o.e.m.c.i.embedder.EclipseLogger - Using 'UTF-8' encoding to copy filtered resources.
2020-02-24 17:16:19,386 [Worker-19: ワークスペースをビルド中] INFO  o.e.m.c.i.embedder.EclipseLogger - Copying 1 resource
2020-02-24 17:16:19,401 [Worker-19: ワークスペースをビルド中] INFO  o.e.m.c.i.embedder.EclipseLogger - Copying 0 resource
2020-02-24 17:16:19,401 [Worker-19: ワークスペースをビルド中] INFO  o.e.m.c.i.embedder.EclipseLogger - Using 'UTF-8' encoding to copy filtered resources.
2020-02-24 17:16:19,401 [Worker-19: ワークスペースをビルド中] INFO  o.e.m.c.i.embedder.EclipseLogger - skip non existing resourceDirectory C:\preades\wk\demo\src\test\resources
2020-02-24 17:16:19,776 [Worker-14: ワークスペースをビルド中] INFO  o.e.m.c.i.embedder.EclipseLogger - Using 'UTF-8' encoding to copy filtered resources.
2020-02-24 17:16:19,792 [Worker-14: ワークスペースをビルド中] INFO  o.e.m.c.i.embedder.EclipseLogger - Copying 1 resource
2020-02-24 17:16:19,792 [Worker-14: ワークスペースをビルド中] INFO  o.e.m.c.i.embedder.EclipseLogger - Copying 0 resource
2020-02-24 17:16:19,792 [Worker-14: ワークスペースをビルド中] INFO  o.e.m.c.i.embedder.EclipseLogger - Using 'UTF-8' encoding to copy filtered resources.
2020-02-24 17:16:19,792 [Worker-14: ワークスペースをビルド中] INFO  o.e.m.c.i.embedder.EclipseLogger - skip non existing resourceDirectory C:\preades\wk\demo\src\test\resources
2020-02-24 17:16:20,136 [Worker-20: ワークスペースをビルド中] INFO  o.e.m.c.i.embedder.EclipseLogger - Using 'UTF-8' encoding to copy filtered resources.
2020-02-24 17:16:20,136 [Worker-20: ワークスペースをビルド中] INFO  o.e.m.c.i.embedder.EclipseLogger - Copying 1 resource
2020-02-24 17:16:20,151 [Worker-20: ワークスペースをビルド中] INFO  o.e.m.c.i.embedder.EclipseLogger - Copying 0 resource
2020-02-24 17:16:20,151 [Worker-20: ワークスペースをビルド中] INFO  o.e.m.c.i.embedder.EclipseLogger - Using 'UTF-8' encoding to copy filtered resources.
2020-02-24 17:16:20,151 [Worker-20: ワークスペースをビルド中] INFO  o.e.m.c.i.embedder.EclipseLogger - skip non existing resourceDirectory C:\preades\wk\demo\src\test\resources
2020-02-24 17:16:20,448 [Worker-17: ワークスペースをビルド中] INFO  o.e.m.c.i.embedder.EclipseLogger - Using 'UTF-8' encoding to copy filtered resources.
2020-02-24 17:16:20,448 [Worker-17: ワークスペースをビルド中] INFO  o.e.m.c.i.embedder.EclipseLogger - Copying 1 resource
2020-02-24 17:16:20,464 [Worker-17: ワークスペースをビルド中] INFO  o.e.m.c.i.embedder.EclipseLogger - Copying 0 resource
2020-02-24 17:16:20,464 [Worker-17: ワークスペースをビルド中] INFO  o.e.m.c.i.embedder.EclipseLogger - Using 'UTF-8' encoding to copy filtered resources.
2020-02-24 17:16:20,464 [Worker-17: ワークスペースをビルド中] INFO  o.e.m.c.i.embedder.EclipseLogger - skip non existing resourceDirectory C:\preades\wk\demo\src\test\resources
2020-02-24 17:16:20,745 [Worker-17: ワークスペースをビルド中] INFO  o.e.m.c.i.embedder.EclipseLogger - Using 'UTF-8' encoding to copy filtered resources.
2020-02-24 17:16:20,745 [Worker-17: ワークスペースをビルド中] INFO  o.e.m.c.i.embedder.EclipseLogger - Copying 1 resource
2020-02-24 17:16:20,745 [Worker-17: ワークスペースをビルド中] INFO  o.e.m.c.i.embedder.EclipseLogger - Copying 0 resource
2020-02-24 17:16:20,761 [Worker-17: ワークスペースをビルド中] INFO  o.e.m.c.i.embedder.EclipseLogger - Using 'UTF-8' encoding to copy filtered resources.
2020-02-24 17:16:20,761 [Worker-17: ワークスペースをビルド中] INFO  o.e.m.c.i.embedder.EclipseLogger - skip non existing resourceDirectory C:\preades\wk\demo\src\test\resources
2020-02-24 17:16:21,042 [Worker-21: ワークスペースをビルド中] INFO  o.e.m.c.i.embedder.EclipseLogger - Using 'UTF-8' encoding to copy filtered resources.
2020-02-24 17:16:21,042 [Worker-21: ワークスペースをビルド中] INFO  o.e.m.c.i.embedder.EclipseLogger - Copying 1 resource
2020-02-24 17:16:21,042 [Worker-21: ワークスペースをビルド中] INFO  o.e.m.c.i.embedder.EclipseLogger - Copying 0 resource
2020-02-24 17:16:21,042 [Worker-21: ワークスペースをビルド中] INFO  o.e.m.c.i.embedder.EclipseLogger - Using 'UTF-8' encoding to copy filtered resources.
2020-02-24 17:16:21,042 [Worker-21: ワークスペースをビルド中] INFO  o.e.m.c.i.embedder.EclipseLogger - skip non existing resourceDirectory C:\preades\wk\demo\src\test\resources
2020-02-24 17:16:21,323 [Worker-20: ワークスペースをビルド中] INFO  o.e.m.c.i.embedder.EclipseLogger - Using 'UTF-8' encoding to copy filtered resources.
2020-02-24 17:16:21,323 [Worker-20: ワークスペースをビルド中] INFO  o.e.m.c.i.embedder.EclipseLogger - Copying 1 resource
2020-02-24 17:16:21,323 [Worker-20: ワークスペースをビルド中] INFO  o.e.m.c.i.embedder.EclipseLogger - Copying 0 resource
2020-02-24 17:16:21,339 [Worker-20: ワークスペースをビルド中] INFO  o.e.m.c.i.embedder.EclipseLogger - Using 'UTF-8' encoding to copy filtered resources.
2020-02-24 17:16:21,339 [Worker-20: ワークスペースをビルド中] INFO  o.e.m.c.i.embedder.EclipseLogger - skip non existing resourceDirectory C:\preades\wk\demo\src\test\resources
